0 info it worked if it ends with ok
1 verbose cli [ '/home/polaris/src/node-v4.0.0-linux-x64/bin/node',
1 verbose cli   '/usr/local/bin/npm',
1 verbose cli   'run',
1 verbose cli   'test_james' ]
2 info using npm@2.7.6
3 info using node@v4.0.0
4 verbose run-script [ 'pretest_james', 'test_james', 'posttest_james' ]
5 info pretest_james ticketpro@0.1.0
6 info test_james ticketpro@0.1.0
7 verbose unsafe-perm in lifecycle true
8 info ticketpro@0.1.0 Failed to exec test_james script
9 verbose stack Error: ticketpro@0.1.0 test_james: `mocha --compilers js:babel-core/register ./test/test_james.js`
9 verbose stack Exit status 139
9 verbose stack     at EventEmitter.<anonymous> (/usr/local/lib/node_modules/npm/lib/utils/lifecycle.js:213:16)
9 verbose stack     at emitTwo (events.js:87:13)
9 verbose stack     at EventEmitter.emit (events.js:172:7)
9 verbose stack     at ChildProcess.<anonymous> (/usr/local/lib/node_modules/npm/lib/utils/spawn.js:14:12)
9 verbose stack     at emitTwo (events.js:87:13)
9 verbose stack     at ChildProcess.emit (events.js:172:7)
9 verbose stack     at maybeClose (internal/child_process.js:817:16)
9 verbose stack     at Process.ChildProcess._handle.onexit (internal/child_process.js:211:5)
10 verbose pkgid ticketpro@0.1.0
11 verbose cwd /home/polaris/rummaging_round/node.js/tp-es6-react
12 error Linux 3.16.0-44-generic
13 error argv "/home/polaris/src/node-v4.0.0-linux-x64/bin/node" "/usr/local/bin/npm" "run" "test_james"
14 error node v4.0.0
15 error npm  v2.7.6
16 error code ELIFECYCLE
17 error ticketpro@0.1.0 test_james: `mocha --compilers js:babel-core/register ./test/test_james.js`
17 error Exit status 139
18 error Failed at the ticketpro@0.1.0 test_james script 'mocha --compilers js:babel-core/register ./test/test_james.js'.
18 error This is most likely a problem with the ticketpro package,
18 error not with npm itself.
18 error Tell the author that this fails on your system:
18 error     mocha --compilers js:babel-core/register ./test/test_james.js
18 error You can get their info via:
18 error     npm owner ls ticketpro
18 error There is likely additional logging output above.
19 verbose exit [ 1, true ]
